Case 1: edge 0 (0 0) gets color 0
Case 1: edge 1 (0 1) gets color 1
Case 1: edge 2 (0 2) gets color 2
Case 1: edge 3 (0 3) gets color 3
Case 1: edge 4 (0 4) gets color 4
Case 1: edge 5 (1 0) gets color 1
Case 1: edge 6 (1 1) gets color 0
Case 1: edge 7 (1 2) gets color 3
Case 1: edge 8 (1 3) gets color 2
Case 2: edge 9 (1 4) gets color a=4, swaps with b=0 r:4 l:0 r:0
Case 1: edge 10 (2 0) gets color 0
Case 1: edge 11 (2 1) gets color 2
Case 1: edge 12 (2 2) gets color 1
Case 1: edge 13 (2 3) gets color 4
Case 1: edge 14 (2 4) gets color 3
Case 1: edge 15 (3 0) gets color 2
Case 1: edge 16 (3 1) gets color 3
Case 1: edge 17 (3 2) gets color 0
Case 1: edge 18 (3 3) gets color 1
Case 2: edge 19 (3 4) gets color a=4, swaps with b=1 r:4 l:1 r:0 l:0 r:1
Case 1: edge 20 (4 0) gets color 3
Case 1: edge 21 (4 1) gets color 1
Case 1: edge 22 (4 2) gets color 4
Case 1: edge 23 (4 3) gets color 0
Case 1: edge 24 (4 4) gets color 2
0 0 1
0 1 4
0 2 2
0 3 3
0 4 0
1 0 4
1 1 0
1 2 3
1 3 2
1 4 1
2 0 0
2 1 2
2 2 1
2 3 4
2 4 3
3 0 2
3 1 3
3 2 0
3 3 1
3 4 4
4 0 3
4 1 1
4 2 4
4 3 0
4 4 2
