Case 1: edge 0 (0 1) gets color 0
Case 1: edge 1 (0 3) gets color 1
Case 1: edge 2 (0 5) gets color 2
Case 1: edge 3 (0 7) gets color 3
Case 1: edge 4 (0 9) gets color 4
Case 1: edge 5 (1 0) gets color 0
Case 1: edge 6 (1 2) gets color 1
Case 1: edge 7 (1 4) gets color 2
Case 1: edge 8 (1 6) gets color 3
Case 1: edge 9 (1 8) gets color 4
Case 1: edge 10 (2 1) gets color 1
Case 1: edge 11 (2 3) gets color 0
Case 1: edge 12 (2 5) gets color 3
Case 1: edge 13 (2 7) gets color 2
Case 2: edge 14 (2 9) gets color a=4, swaps with b=0 r:9 l:0 r:1
Case 1: edge 15 (3 0) gets color 1
Case 1: edge 16 (3 2) gets color 0
Case 1: edge 17 (3 4) gets color 3
Case 1: edge 18 (3 6) gets color 2
Case 2: edge 19 (3 8) gets color a=4, swaps with b=0 r:8 l:1 r:0
Case 1: edge 20 (4 1) gets color 0
Case 1: edge 21 (4 3) gets color 2
Case 1: edge 22 (4 5) gets color 1
Case 1: edge 23 (4 7) gets color 4
Case 1: edge 24 (4 9) gets color 3
Case 1: edge 25 (5 0) gets color 0
Case 1: edge 26 (5 2) gets color 2
Case 1: edge 27 (5 4) gets color 1
Case 1: edge 28 (5 6) gets color 4
Case 1: edge 29 (5 8) gets color 3
Case 1: edge 30 (6 1) gets color 2
Case 1: edge 31 (6 3) gets color 3
Case 1: edge 32 (6 5) gets color 0
Case 1: edge 33 (6 7) gets color 1
Case 2: edge 34 (6 9) gets color a=4, swaps with b=1 r:9 l:2 r:1 l:0 r:3
Case 1: edge 35 (7 0) gets color 2
Case 1: edge 36 (7 2) gets color 3
Case 1: edge 37 (7 4) gets color 0
Case 1: edge 38 (7 6) gets color 1
Case 2: edge 39 (7 8) gets color a=4, swaps with b=1 r:8 l:3 r:0 l:1 r:2
Case 1: edge 40 (8 1) gets color 3
Case 1: edge 41 (8 3) gets color 1
Case 1: edge 42 (8 5) gets color 4
Case 1: edge 43 (8 7) gets color 0
Case 1: edge 44 (8 9) gets color 2
Case 1: edge 45 (9 0) gets color 3
Case 1: edge 46 (9 2) gets color 1
Case 1: edge 47 (9 4) gets color 4
Case 1: edge 48 (9 6) gets color 0
Case 1: edge 49 (9 8) gets color 2
0 1 1
0 3 4
0 5 2
0 7 3
0 9 0
1 0 1
1 2 4
1 4 2
1 6 3
1 8 0
2 1 4
2 3 0
2 5 3
2 7 2
2 9 1
3 0 4
3 2 0
3 4 3
3 6 2
3 8 1
4 1 0
4 3 2
4 5 1
4 7 4
4 9 3
5 0 0
5 2 2
5 4 1
5 6 4
5 8 3
6 1 2
6 3 3
6 5 0
6 7 1
6 9 4
7 0 2
7 2 3
7 4 0
7 6 1
7 8 4
8 1 3
8 3 1
8 5 4
8 7 0
8 9 2
9 0 3
9 2 1
9 4 4
9 6 0
9 8 2
