Case 1: edge 0 (0 0) gets color 0
Case 1: edge 1 (0 1) gets color 1
Case 1: edge 2 (0 2) gets color 2
Case 1: edge 3 (0 4) gets color 3
Case 1: edge 4 (0 5) gets color 4
Case 1: edge 5 (0 6) gets color 5
Case 1: edge 6 (1 0) gets color 1
Case 1: edge 7 (1 1) gets color 0
Case 1: edge 8 (1 2) gets color 3
Case 1: edge 9 (1 3) gets color 2
Case 1: edge 10 (1 5) gets color 5
Case 1: edge 11 (1 6) gets color 4
Case 1: edge 12 (2 0) gets color 2
Case 1: edge 13 (2 1) gets color 3
Case 1: edge 14 (2 2) gets color 0
Case 1: edge 15 (2 3) gets color 1
Case 1: edge 16 (2 4) gets color 4
Case 2: edge 17 (2 6) gets color a=5, swaps with b=0 r:6 l:0 r:0
Case 1: edge 18 (3 0) gets color 0
Case 1: edge 19 (3 1) gets color 2
Case 1: edge 20 (3 3) gets color 3
Case 1: edge 21 (3 4) gets color 1
Case 2: edge 22 (3 5) gets color a=4, swaps with b=0 r:5 l:0 r:6 l:1 r:1
Case 2: edge 23 (3 6) gets color a=5, swaps with b=1 r:6 l:2 r:3
Case 1: edge 24 (4 0) gets color 3
Case 1: edge 25 (4 1) gets color 0
Case 1: edge 26 (4 2) gets color 1
Case 1: edge 27 (4 3) gets color 4
Case 1: edge 28 (4 4) gets color 2
Case 2: edge 29 (4 5) gets color a=5, swaps with b=1 r:5 l:1 r:0 l:0 r:1
Case 1: edge 30 (5 0) gets color 4
Case 1: edge 31 (5 2) gets color 5
Case 1: edge 32 (5 3) gets color 0
Case 2: edge 33 (5 4) gets color a=1, swaps with b=0 r:4 l:3 r:0 l:0 r:5 l:1 r:6 l:2 r:2 l:4 r:1
Case 1: edge 34 (5 5) gets color 2
Case 1: edge 35 (5 6) gets color 3
Case 1: edge 36 (6 1) gets color 0
Case 1: edge 37 (6 2) gets color 4
Case 1: edge 38 (6 3) gets color 1
Case 1: edge 39 (6 4) gets color 5
Case 1: edge 40 (6 5) gets color 3
Case 1: edge 41 (6 6) gets color 2
0 0 0
0 1 5
0 2 2
0 4 3
0 5 1
0 6 4
1 0 5
1 1 4
1 2 3
1 3 2
1 5 0
1 6 1
2 0 2
2 1 3
2 2 1
2 3 5
2 4 4
2 6 0
3 0 1
3 1 2
3 3 3
3 4 0
3 5 4
3 6 5
4 0 3
4 1 1
4 2 0
4 3 4
4 4 2
4 5 5
5 0 4
5 2 5
5 3 0
5 4 1
5 5 2
5 6 3
6 1 0
6 2 4
6 3 1
6 4 5
6 5 3
6 6 2
